#
# There is insufficient memory for the Java Runtime Environment to continue.
# Native memory allocation (malloc) failed to allocate 1546576 bytes. Error detail: Chunk::new
# Possible reasons:
#   The system is out of physical RAM or swap space
#   This process is running with CompressedOops enabled, and the Java Heap may be blocking the growth of the native heap
# Possible solutions:
#   Reduce memory load on the system
#   Increase physical memory or swap space
#   Check if swap backing store is full
#   Decrease Java heap size (-Xmx/-Xms)
#   Decrease number of Java threads
#   Decrease Java thread stack sizes (-Xss)
#   Set larger code cache with -XX:ReservedCodeCacheSize=
#   JVM is running with Unscaled Compressed Oops mode in which the Java heap is
#     placed in the first 4GB address space. The Java Heap base address is the
#     maximum limit for the native heap growth. Please use -XX:HeapBaseMinAddress
#     to set the Java Heap base and to place the Java Heap above 4GB virtual address.
# This output file may be truncated or incomplete.
#
#  Out of Memory Error (arena.cpp:191), pid=319296, tid=304612
#
# JRE version: OpenJDK Runtime Environment Temurin-17.0.13+11 (17.0.13+11) (build 17.0.13+11)
# Java VM: OpenJDK 64-Bit Server VM Temurin-17.0.13+11 (17.0.13+11, mixed mode, tiered, compressed oops, compressed class ptrs, parallel gc, windows-amd64)
# No core dump will be written. Minidumps are not enabled by default on client versions of Windows
#

---------------  S U M M A R Y ------------

Command Line: --add-modules=ALL-SYSTEM --add-opens=java.base/java.util=ALL-UNNAMED --add-opens=java.base/java.lang=ALL-UNNAMED --add-opens=java.base/sun.nio.fs=ALL-UNNAMED -Declipse.application=org.eclipse.jdt.ls.core.id1 -Dosgi.bundles.defaultStartLevel=4 -Declipse.product=org.eclipse.jdt.ls.core.product -Djava.import.generatesMetadataFilesAtProjectRoot=false -DDetectVMInstallationsJob.disabled=true -Dfile.encoding=utf8 -XX:+UseParallelGC -XX:GCTimeRatio=4 -XX:AdaptiveSizePolicyWeight=90 -Dsun.zip.disableMemoryMapping=true -Xmx1G -Xms100m -Xlog:disable -javaagent:c:\Users\mohit\.vscode\extensions\redhat.java-1.38.0-win32-x64\lombok\lombok-1.18.34.jar -XX:+HeapDumpOnOutOfMemoryError -XX:HeapDumpPath=c:\Users\mohit\AppData\Roaming\Code\User\workspaceStorage\04e45ffd8641de4deee0b199b5dd3407\redhat.java -Daether.dependencyCollector.impl=bf c:\Users\mohit\.vscode\extensions\redhat.java-1.38.0-win32-x64\server\plugins\org.eclipse.equinox.launcher_1.6.900.v20240613-2009.jar -configuration c:\Users\mohit\AppData\Roaming\Code\User\globalStorage\redhat.java\1.38.0\config_win -data c:\Users\mohit\AppData\Roaming\Code\User\workspaceStorage\04e45ffd8641de4deee0b199b5dd3407\redhat.java\jdt_ws --pipe=\\.\pipe\lsp-6a8aae447d73b76de734b869600b09d4-sock

Host: AMD Ryzen 3 7320U with Radeon Graphics         , 8 cores, 5G,  Windows 11 , 64 bit Build 26100 (10.0.26100.2454)
Time: Thu Dec 26 04:28:05 2024 India Standard Time elapsed time: 152.518019 seconds (0d 0h 2m 32s)

---------------  T H R E A D  ---------------

Current thread (0x0000022376f5eee0):  JavaThread "C2 CompilerThread0" daemon [_thread_in_native, id=304612, stack(0x000000b22db00000,0x000000b22dc00000)]


Current CompileTask:
C2: 152518 8333       4       org.eclipse.jdt.internal.compiler.parser.Parser::consumeRule (7871 bytes)

Stack: [0x000000b22db00000,0x000000b22dc00000]
Native frames: (J=compiled Java code, j=interpreted, Vv=VM code, C=native code)
V  [jvm.dll+0x682a19]
V  [jvm.dll+0x839538]
V  [jvm.dll+0x83afe3]
V  [jvm.dll+0x83b653]
V  [jvm.dll+0x24704f]
V  [jvm.dll+0xace34]
V  [jvm.dll+0xad4cc]
V  [jvm.dll+0x36592f]
V  [jvm.dll+0x32fbd8]
V  [jvm.dll+0x32f05a]
V  [jvm.dll+0x21804f]
V  [jvm.dll+0x21748f]
V  [jvm.dll+0x1a3070]
V  [jvm.dll+0x22788c]
V  [jvm.dll+0x2259eb]
V  [jvm.dll+0x7eec98]
V  [jvm.dll+0x7e8ffc]
V  [jvm.dll+0x6818f7]
C  [ucrtbase.dll+0x14ea0]
C  [KERNEL32.DLL+0x2e8d7]
C  [ntdll.dll+0xdfbcc]


---------------  P R O C E S S  ---------------

Threads class SMR info:
_java_thread_list=0x000002237a8c1720, length=50, elements={
0x000002235d53de10, 0x0000022371bcb0d0, 0x0000022371bce1e0, 0x0000022376f27e00,
0x0000022376f53400, 0x0000022376f53dd0, 0x0000022376f57ac0, 0x0000022376f5eee0,
0x0000022376f69380, 0x0000022376f8cf70, 0x000002235d5a3930, 0x0000022377263280,
0x000002237830a4c0, 0x000002237841eeb0, 0x000002237802ac20, 0x000002237847e860,
0x00000223783f5a90, 0x00000223770cd4e0, 0x00000223770ccac0, 0x00000223770cc5b0,
0x00000223770cbb90, 0x00000223770cc0a0, 0x00000223770cb680, 0x00000223770cd9f0,
0x00000223770ca240, 0x0000022378e234d0, 0x0000022378e23ef0, 0x0000022378e22ab0,
0x0000022378e22fc0, 0x0000022378e24400, 0x0000022378e24910, 0x0000022378e24e20,
0x0000022378e25330, 0x0000022378e25840, 0x0000022378e22090, 0x0000022378e25d50,
0x0000022378e225a0, 0x0000022378e285d0, 0x0000022378e26260, 0x0000022378e280c0,
0x0000022378e27190, 0x0000022378e28ae0, 0x0000022378e26770, 0x0000022378e28ff0,
0x0000022378e276a0, 0x0000022378e27bb0, 0x000002237bcdac20, 0x000002237bcdbb50,
0x000002237bcd97e0, 0x000002237bcd9cf0
}

Java Threads: ( => current thread )
  0x000002235d53de10 JavaThread "main" [_thread_blocked, id=331652, stack(0x000000b22d200000,0x000000b22d300000)]
  0x0000022371bcb0d0 JavaThread "Reference Handler" daemon [_thread_blocked, id=331956, stack(0x000000b22d500000,0x000000b22d600000)]
  0x0000022371bce1e0 JavaThread "Finalizer" daemon [_thread_blocked, id=323592, stack(0x000000b22d600000,0x000000b22d700000)]
  0x0000022376f27e00 JavaThread "Signal Dispatcher" daemon [_thread_blocked, id=294968, stack(0x000000b22d700000,0x000000b22d800000)]
  0x0000022376f53400 JavaThread "Attach Listener" daemon [_thread_blocked, id=318696, stack(0x000000b22d800000,0x000000b22d900000)]
  0x0000022376f53dd0 JavaThread "Service Thread" daemon [_thread_blocked, id=331380, stack(0x000000b22d900000,0x000000b22da00000)]
  0x0000022376f57ac0 JavaThread "Monitor Deflation Thread" daemon [_thread_blocked, id=332292, stack(0x000000b22da00000,0x000000b22db00000)]
=>0x0000022376f5eee0 JavaThread "C2 CompilerThread0" daemon [_thread_in_native, id=304612, stack(0x000000b22db00000,0x000000b22dc00000)]
  0x0000022376f69380 JavaThread "C1 CompilerThread0" daemon [_thread_blocked, id=329516, stack(0x000000b22dc00000,0x000000b22dd00000)]
  0x0000022376f8cf70 JavaThread "Sweeper thread" daemon [_thread_blocked, id=318728, stack(0x000000b22dd00000,0x000000b22de00000)]
  0x000002235d5a3930 JavaThread "Common-Cleaner" daemon [_thread_blocked, id=332604, stack(0x000000b22de00000,0x000000b22df00000)]
  0x0000022377263280 JavaThread "Notification Thread" daemon [_thread_blocked, id=331736, stack(0x000000b22df00000,0x000000b22e000000)]
  0x000002237830a4c0 JavaThread "Active Thread: Equinox Container: fa236e2e-fafe-43c5-b63e-99ac593ec344" [_thread_blocked, id=332040, stack(0x000000b22e700000,0x000000b22e800000)]
  0x000002237841eeb0 JavaThread "Refresh Thread: Equinox Container: fa236e2e-fafe-43c5-b63e-99ac593ec344" daemon [_thread_blocked, id=331440, stack(0x000000b22e800000,0x000000b22e900000)]
  0x000002237802ac20 JavaThread "Framework Event Dispatcher: Equinox Container: fa236e2e-fafe-43c5-b63e-99ac593ec344" daemon [_thread_blocked, id=318776, stack(0x000000b22e900000,0x000000b22ea00000)]
  0x000002237847e860 JavaThread "Start Level: Equinox Container: fa236e2e-fafe-43c5-b63e-99ac593ec344" daemon [_thread_blocked, id=305328, stack(0x000000b22ea00000,0x000000b22eb00000)]
  0x00000223783f5a90 JavaThread "Bundle File Closer" daemon [_thread_blocked, id=323992, stack(0x000000b22cf00000,0x000000b22d000000)]
  0x00000223770cd4e0 JavaThread "SCR Component Actor" daemon [_thread_blocked, id=334284, stack(0x000000b22d000000,0x000000b22d100000)]
  0x00000223770ccac0 JavaThread "Worker-JM" [_thread_blocked, id=329924, stack(0x000000b22ec00000,0x000000b22ed00000)]
  0x00000223770cc5b0 JavaThread "JNA Cleaner" daemon [_thread_blocked, id=323664, stack(0x000000b22ee00000,0x000000b22ef00000)]
  0x00000223770cbb90 JavaThread "Worker-0" [_thread_blocked, id=333832, stack(0x000000b22ef00000,0x000000b22f000000)]
  0x00000223770cc0a0 JavaThread "Worker-1: Building" [_thread_blocked, id=332032, stack(0x000000b22f000000,0x000000b22f100000)]
  0x00000223770cb680 JavaThread "Worker-2: Java indexing... " [_thread_blocked, id=333908, stack(0x000000b22f100000,0x000000b22f200000)]
  0x00000223770cd9f0 JavaThread "Worker-3: Loading available Gradle versions" [_thread_in_vm, id=324576, stack(0x000000b22f200000,0x000000b22f300000)]
  0x00000223770ca240 JavaThread "Java indexing" daemon [_thread_in_Java, id=333840, stack(0x000000b22f300000,0x000000b22f400000)]
  0x0000022378e234d0 JavaThread "Thread-2" daemon [_thread_in_native, id=334764, stack(0x000000b22f600000,0x000000b22f700000)]
  0x0000022378e23ef0 JavaThread "Thread-3" daemon [_thread_in_native, id=334816, stack(0x000000b22f700000,0x000000b22f800000)]
  0x0000022378e22ab0 JavaThread "Thread-4" daemon [_thread_in_native, id=334760, stack(0x000000b22f800000,0x000000b22f900000)]
  0x0000022378e22fc0 JavaThread "Thread-5" daemon [_thread_in_native, id=334756, stack(0x000000b22f900000,0x000000b22fa00000)]
  0x0000022378e24400 JavaThread "Thread-6" daemon [_thread_in_native, id=334712, stack(0x000000b22fa00000,0x000000b22fb00000)]
  0x0000022378e24910 JavaThread "Thread-7" daemon [_thread_in_native, id=334772, stack(0x000000b22fb00000,0x000000b22fc00000)]
  0x0000022378e24e20 JavaThread "Thread-8" daemon [_thread_in_native, id=334776, stack(0x000000b22fc00000,0x000000b22fd00000)]
  0x0000022378e25330 JavaThread "Thread-9" daemon [_thread_in_native, id=334808, stack(0x000000b22fd00000,0x000000b22fe00000)]
  0x0000022378e25840 JavaThread "Thread-10" daemon [_thread_in_native, id=334768, stack(0x000000b22fe00000,0x000000b22ff00000)]
  0x0000022378e22090 JavaThread "Worker-4" [_thread_blocked, id=334692, stack(0x000000b22ff00000,0x000000b230000000)]
  0x0000022378e25d50 JavaThread "pool-2-thread-1" [_thread_blocked, id=334688, stack(0x000000b230000000,0x000000b230100000)]
  0x0000022378e225a0 JavaThread "Worker-5" [_thread_blocked, id=334684, stack(0x000000b230100000,0x000000b230200000)]
  0x0000022378e285d0 JavaThread "WorkspaceEventsHandler" [_thread_blocked, id=334664, stack(0x000000b22d100000,0x000000b22d200000)]
  0x0000022378e26260 JavaThread "pool-1-thread-1" [_thread_blocked, id=334680, stack(0x000000b230200000,0x000000b230300000)]
  0x0000022378e280c0 JavaThread "Worker-6" [_thread_blocked, id=330340, stack(0x000000b230300000,0x000000b230400000)]
  0x0000022378e27190 JavaThread "Compiler Source File Reader" daemon [_thread_blocked, id=266720, stack(0x000000b230400000,0x000000b230500000)]
  0x0000022378e28ae0 JavaThread "Compiler Source File Reader" daemon [_thread_blocked, id=331740, stack(0x000000b230500000,0x000000b230600000)]
  0x0000022378e26770 JavaThread "Compiler Source File Reader" daemon [_thread_blocked, id=334636, stack(0x000000b230600000,0x000000b230700000)]
  0x0000022378e28ff0 JavaThread "Compiler Source File Reader" daemon [_thread_blocked, id=332044, stack(0x000000b230700000,0x000000b230800000)]
  0x0000022378e276a0 JavaThread "Compiler Source File Reader" daemon [_thread_blocked, id=331524, stack(0x000000b230800000,0x000000b230900000)]
  0x0000022378e27bb0 JavaThread "Compiler Source File Reader" daemon [_thread_blocked, id=334572, stack(0x000000b230900000,0x000000b230a00000)]
  0x000002237bcdac20 JavaThread "Compiler Processing Task" daemon [_thread_in_Java, id=334276, stack(0x000000b230c00000,0x000000b230d00000)]
  0x000002237bcdbb50 JavaThread "Compiler Class File Writer" daemon [_thread_blocked, id=334472, stack(0x000000b230d00000,0x000000b230e00000)]
  0x000002237bcd97e0 JavaThread "Compiler Class File Writer" daemon [_thread_blocked, id=305824, stack(0x000000b230e00000,0x000000b230f00000)]
  0x000002237bcd9cf0 JavaThread "Compiler Class File Writer" daemon [_thread_blocked, id=329860, stack(0x000000b230f00000,0x000000b231000000)]

Other Threads:
  0x0000022376f00c20 VMThread "VM Thread" [stack: 0x000000b22d400000,0x000000b22d500000] [id=281180]
  0x000002237726dec0 WatcherThread [stack: 0x000000b22e000000,0x000000b22e100000] [id=98288]
  0x000002235d555110 GCTaskThread "GC Thread#0" [stack: 0x000000b22d300000,0x000000b22d400000] [id=331820]
  0x0000022378426450 GCTaskThread "GC Thread#1" [stack: 0x000000b22e100000,0x000000b22e200000] [id=323476]
  0x0000022378223c50 GCTaskThread "GC Thread#2" [stack: 0x000000b22e200000,0x000000b22e300000] [id=325320]
  0x00000223782c6440 GCTaskThread "GC Thread#3" [stack: 0x000000b22e300000,0x000000b22e400000] [id=291712]
  0x00000223782c6700 GCTaskThread "GC Thread#4" [stack: 0x000000b22e400000,0x000000b22e500000] [id=317360]
  0x00000223782c69c0 GCTaskThread "GC Thread#5" [stack: 0x000000b22e500000,0x000000b22e600000] [id=327144]
  0x0000022378426710 GCTaskThread "GC Thread#6" [stack: 0x000000b22e600000,0x000000b22e700000] [id=308148]
  0x000002235bbb6a10 GCTaskThread "GC Thread#7" [stack: 0x000000b22eb00000,0x000000b22ec00000] [id=326760]

Threads with active compile tasks:
C2 CompilerThread0   152747 8333       4       org.eclipse.jdt.internal.compiler.parser.Parser::consumeRule (7871 bytes)

VM state: not at safepoint (normal execution)

VM Mutex/Monitor currently owned by a thread: None

Heap address: 0x00000000c0000000, size: 1024 MB, Compressed Oops mode: 32-bit

CDS archive(s) not mapped
Compressed class space mapped at: 0x0000000100000000-0x0000000140000000, reserved size: 1073741824
Narrow klass base: 0x0000000000000000, Narrow klass shift: 3, Narrow klass range: 0x140000000

GC Precious Log:
 CPUs: 8 total, 8 available
 Memory: 5877M
 Large Page Support: Disabled
 NUMA Support: Disabled
 Compressed Oops: Enabled (32-bit)
 Alignments: Space 512K, Generation 512K, Heap 2M
 Heap Min Capacity: 100M
 Heap Initial Capacity: 100M
 Heap Max Capacity: 1G
 Pre-touch: Disabled
 Parallel Workers: 8

Heap:
 PSYoungGen      total 23040K, used 17381K [0x00000000eab00000, 0x00000000ec680000, 0x0000000100000000)
  eden space 19968K, 73% used [0x00000000eab00000,0x00000000eb9596c8,0x00000000ebe80000)
  from space 3072K, 87% used [0x00000000ec380000,0x00000000ec620020,0x00000000ec680000)
  to   space 3072K, 0% used [0x00000000ec080000,0x00000000ec080000,0x00000000ec380000)
 ParOldGen       total 95744K, used 82720K [0x00000000c0000000, 0x00000000c5d80000, 0x00000000eab00000)
  object space 95744K, 86% used [0x00000000c0000000,0x00000000c50c8090,0x00000000c5d80000)
 Metaspace       used 64429K, committed 65536K, reserved 1114112K
  class space    used 6845K, committed 7296K, reserved 1048576K

Card table byte_map: [0x000002236f460000,0x000002236f670000] _byte_map_base: 0x000002236ee60000

Marking Bits: (ParMarkBitMap*) 0x00007ff830f86940
 Begin Bits: [0x000002236f7d0000, 0x00000223707d0000)
 End Bits:   [0x00000223707d0000, 0x00000223717d0000)

Polling page: 0x000002235bcc0000

Metaspace:

Usage:
  Non-class:     56.23 MB used.
      Class:      6.69 MB used.
       Both:     62.92 MB used.

Virtual space:
  Non-class space:       64.00 MB reserved,      56.88 MB ( 89%) committed,  1 nodes.
      Class space:        1.00 GB reserved,       7.12 MB ( <1%) committed,  1 nodes.
             Both:        1.06 GB reserved,      64.00 MB (  6%) committed. 

Chunk freelists:
   Non-Class:  6.67 MB
       Class:  8.69 MB
        Both:  15.36 MB

MaxMetaspaceSize: unlimited
CompressedClassSpaceSize: 1.00 GB
Initial GC threshold: 21.00 MB
Current GC threshold: 97.00 MB
CDS: off
MetaspaceReclaimPolicy: balanced
 - commit_granule_bytes: 65536.
 - commit_granule_words: 8192.
 - virtual_space_node_default_size: 8388608.
 - enlarge_chunks_in_place: 1.
 - new_chunks_are_fully_committed: 0.
 - uncommit_free_chunks: 1.
 - use_allocation_guard: 0.
 - handle_deallocations: 1.


Internal statistics:

num_allocs_failed_limit: 6.
num_arena_births: 676.
num_arena_deaths: 28.
num_vsnodes_births: 2.
num_vsnodes_deaths: 0.
num_space_committed: 1024.
num_space_uncommitted: 0.
num_chunks_returned_to_freelist: 38.
num_chunks_taken_from_freelist: 3294.
num_chunk_merges: 11.
num_chunk_splits: 1963.
num_chunks_enlarged: 1059.
num_inconsistent_stats: 0.

CodeHeap 'non-profiled nmethods': size=120000Kb used=3120Kb max_used=3532Kb free=116879Kb
 bounds [0x0000022367d50000, 0x00000223680d0000, 0x000002236f280000]
CodeHeap 'profiled nmethods': size=120000Kb used=13812Kb max_used=16261Kb free=106187Kb
 bounds [0x0000022360280000, 0x0000022361270000, 0x00000223677b0000]
CodeHeap 'non-nmethods': size=5760Kb used=1362Kb max_used=1392Kb free=4397Kb
 bounds [0x00000223677b0000, 0x0000022367a20000, 0x0000022367d50000]
 total_blobs=7457 nmethods=6749 adapters=622
 compilation: enabled
              stopped_count=0, restarted_count=0
 full_count=0

Compilation events (20 events):
Event: 151.426 Thread 0x0000022376f69380 nmethod 8394 0x00000223602f4910 code [0x00000223602f4b60, 0x00000223602f5448]
Event: 151.429 Thread 0x0000022376f69380 8395       3       org.eclipse.jdt.internal.compiler.classfmt.ClassFileReader::isAnonymous (30 bytes)
Event: 151.430 Thread 0x0000022376f69380 nmethod 8395 0x0000022360288210 code [0x00000223602883c0, 0x0000022360288608]
Event: 151.434 Thread 0x0000022376f69380 8397       3       java.util.HashSet::add (20 bytes)
Event: 151.434 Thread 0x0000022376f69380 nmethod 8397 0x0000022360655090 code [0x0000022360655240, 0x0000022360655468]
Event: 151.437 Thread 0x0000022376f69380 8398       3       org.eclipse.jdt.internal.compiler.lookup.LookupEnvironment::getTypeFromSignature (376 bytes)
Event: 151.439 Thread 0x0000022376f69380 nmethod 8398 0x0000022360acfe10 code [0x0000022360ad00c0, 0x0000022360ad1128]
Event: 151.439 Thread 0x0000022376f69380 8399       3       org.eclipse.jdt.internal.compiler.lookup.TypeSystem$HashedParameterizedTypes$PTBKey::hashCode (96 bytes)
Event: 151.440 Thread 0x0000022376f69380 nmethod 8399 0x00000223602c4910 code [0x00000223602c4b60, 0x00000223602c56c8]
Event: 151.445 Thread 0x0000022376f69380 8401       2       org.eclipse.jdt.internal.compiler.util.Util::effectivelyEqual (73 bytes)
Event: 151.446 Thread 0x0000022376f69380 nmethod 8401 0x00000223603bfc90 code [0x00000223603bfe40, 0x00000223603c00f8]
Event: 151.449 Thread 0x0000022376f69380 8402       2       org.eclipse.jdt.internal.compiler.lookup.ReferenceBinding::hashCode (38 bytes)
Event: 151.460 Thread 0x0000022376f69380 nmethod 8402 0x0000022360310610 code [0x00000223603107c0, 0x0000022360310958]
Event: 151.461 Thread 0x0000022376f69380 8403       3       org.eclipse.jdt.internal.compiler.util.CharArray::equals (33 bytes)
Event: 151.461 Thread 0x0000022376f69380 nmethod 8403 0x0000022360313090 code [0x0000022360313260, 0x0000022360313648]
Event: 151.462 Thread 0x0000022376f69380 8404       3       org.eclipse.jdt.core.compiler.CharOperation::splitOn (159 bytes)
Event: 151.462 Thread 0x0000022376f69380 nmethod 8404 0x000002236034af10 code [0x000002236034b120, 0x000002236034bbb8]
Event: 151.463 Thread 0x0000022376f69380 8405       1       org.eclipse.jdt.internal.compiler.lookup.TypeBinding::isWildcard (2 bytes)
Event: 151.463 Thread 0x0000022376f69380 nmethod 8405 0x0000022367d7fb90 code [0x0000022367d7fd20, 0x0000022367d7fdf8]
Event: 151.508 Thread 0x0000022376f69380 8408       2       org.eclipse.jdt.internal.compiler.classfmt.NonNullDefaultAwareTypeAnnotationWalker::updateWalkerForParamNonNullDefault (151 bytes)

GC Heap History (20 events):
Event: 139.337 GC heap before
{Heap before GC invocations=33 (full 2):
 PSYoungGen      total 22016K, used 21995K [0x00000000eab00000, 0x00000000ed080000, 0x0000000100000000)
  eden space 19968K, 100% used [0x00000000eab00000,0x00000000ebe80000,0x00000000ebe80000)
  from space 2048K, 99% used [0x00000000ec680000,0x00000000ec87afb8,0x00000000ec880000)
  to   space 8192K, 0% used [0x00000000ebe80000,0x00000000ebe80000,0x00000000ec680000)
 ParOldGen       total 68608K, used 62598K [0x00000000c0000000, 0x00000000c4300000, 0x00000000eab00000)
  object space 68608K, 91% used [0x00000000c0000000,0x00000000c3d218d0,0x00000000c4300000)
 Metaspace       used 57155K, committed 58240K, reserved 1114112K
  class space    used 6105K, committed 6592K, reserved 1048576K
}
Event: 139.343 GC heap after
{Heap after GC invocations=33 (full 2):
 PSYoungGen      total 24064K, used 3682K [0x00000000eab00000, 0x00000000ec880000, 0x0000000100000000)
  eden space 19968K, 0% used [0x00000000eab00000,0x00000000eab00000,0x00000000ebe80000)
  from space 4096K, 89% used [0x00000000ebe80000,0x00000000ec218968,0x00000000ec280000)
  to   space 5120K, 0% used [0x00000000ec380000,0x00000000ec380000,0x00000000ec880000)
 ParOldGen       total 68608K, used 64655K [0x00000000c0000000, 0x00000000c4300000, 0x00000000eab00000)
  object space 68608K, 94% used [0x00000000c0000000,0x00000000c3f23f78,0x00000000c4300000)
 Metaspace       used 57155K, committed 58240K, reserved 1114112K
  class space    used 6105K, committed 6592K, reserved 1048576K
}
Event: 140.120 GC heap before
{Heap before GC invocations=34 (full 2):
 PSYoungGen      total 24064K, used 23624K [0x00000000eab00000, 0x00000000ec880000, 0x0000000100000000)
  eden space 19968K, 99% used [0x00000000eab00000,0x00000000ebe79a28,0x00000000ebe80000)
  from space 4096K, 89% used [0x00000000ebe80000,0x00000000ec218968,0x00000000ec280000)
  to   space 5120K, 0% used [0x00000000ec380000,0x00000000ec380000,0x00000000ec880000)
 ParOldGen       total 68608K, used 64655K [0x00000000c0000000, 0x00000000c4300000, 0x00000000eab00000)
  object space 68608K, 94% used [0x00000000c0000000,0x00000000c3f23f78,0x00000000c4300000)
 Metaspace       used 57654K, committed 58688K, reserved 1114112K
  class space    used 6141K, committed 6592K, reserved 1048576K
}
Event: 140.260 GC heap after
{Heap after GC invocations=34 (full 2):
 PSYoungGen      total 23552K, used 3305K [0x00000000eab00000, 0x00000000ec700000, 0x0000000100000000)
  eden space 19968K, 0% used [0x00000000eab00000,0x00000000eab00000,0x00000000ebe80000)
  from space 3584K, 92% used [0x00000000ec380000,0x00000000ec6ba4b0,0x00000000ec700000)
  to   space 4096K, 0% used [0x00000000ebf00000,0x00000000ebf00000,0x00000000ec300000)
 ParOldGen       total 68608K, used 68137K [0x00000000c0000000, 0x00000000c4300000, 0x00000000eab00000)
  object space 68608K, 99% used [0x00000000c0000000,0x00000000c428a500,0x00000000c4300000)
 Metaspace       used 57654K, committed 58688K, reserved 1114112K
  class space    used 6141K, committed 6592K, reserved 1048576K
}
Event: 141.232 GC heap before
{Heap before GC invocations=35 (full 3):
 PSYoungGen      total 23552K, used 23273K [0x00000000eab00000, 0x00000000ec700000, 0x0000000100000000)
  eden space 19968K, 100% used [0x00000000eab00000,0x00000000ebe80000,0x00000000ebe80000)
  from space 3584K, 92% used [0x00000000ec380000,0x00000000ec6ba4b0,0x00000000ec700000)
  to   space 4096K, 0% used [0x00000000ebf00000,0x00000000ebf00000,0x00000000ec300000)
 ParOldGen       total 68608K, used 68137K [0x00000000c0000000, 0x00000000c4300000, 0x00000000eab00000)
  object space 68608K, 99% used [0x00000000c0000000,0x00000000c428a500,0x00000000c4300000)
 Metaspace       used 58493K, committed 59584K, reserved 1114112K
  class space    used 6194K, committed 6656K, reserved 1048576K
}
Event: 141.977 GC heap after
{Heap after GC invocations=35 (full 3):
 PSYoungGen      total 20480K, used 0K [0x00000000eab00000, 0x00000000ec680000, 0x0000000100000000)
  eden space 19968K, 0% used [0x00000000eab00000,0x00000000eab00000,0x00000000ebe80000)
  from space 512K, 0% used [0x00000000ebf00000,0x00000000ebf00000,0x00000000ebf80000)
  to   space 4096K, 0% used [0x00000000ec280000,0x00000000ec280000,0x00000000ec680000)
 ParOldGen       total 95744K, used 66526K [0x00000000c0000000, 0x00000000c5d80000, 0x00000000eab00000)
  object space 95744K, 69% used [0x00000000c0000000,0x00000000c40f79f8,0x00000000c5d80000)
 Metaspace       used 58493K, committed 59584K, reserved 1114112K
  class space    used 6194K, committed 6656K, reserved 1048576K
}
Event: 142.186 GC heap before
{Heap before GC invocations=36 (full 3):
 PSYoungGen      total 20480K, used 19968K [0x00000000eab00000, 0x00000000ec680000, 0x0000000100000000)
  eden space 19968K, 100% used [0x00000000eab00000,0x00000000ebe80000,0x00000000ebe80000)
  from space 512K, 0% used [0x00000000ebf00000,0x00000000ebf00000,0x00000000ebf80000)
  to   space 4096K, 0% used [0x00000000ec280000,0x00000000ec280000,0x00000000ec680000)
 ParOldGen       total 95744K, used 66526K [0x00000000c0000000, 0x00000000c5d80000, 0x00000000eab00000)
  object space 95744K, 69% used [0x00000000c0000000,0x00000000c40f79f8,0x00000000c5d80000)
 Metaspace       used 58509K, committed 59584K, reserved 1114112K
  class space    used 6194K, committed 6656K, reserved 1048576K
}
Event: 142.193 GC heap after
{Heap after GC invocations=36 (full 3):
 PSYoungGen      total 23040K, used 2751K [0x00000000eab00000, 0x00000000ec580000, 0x0000000100000000)
  eden space 19968K, 0% used [0x00000000eab00000,0x00000000eab00000,0x00000000ebe80000)
  from space 3072K, 89% used [0x00000000ec280000,0x00000000ec52fdf8,0x00000000ec580000)
  to   space 3072K, 0% used [0x00000000ebf80000,0x00000000ebf80000,0x00000000ec280000)
 ParOldGen       total 95744K, used 66526K [0x00000000c0000000, 0x00000000c5d80000, 0x00000000eab00000)
  object space 95744K, 69% used [0x00000000c0000000,0x00000000c40f79f8,0x00000000c5d80000)
 Metaspace       used 58509K, committed 59584K, reserved 1114112K
  class space    used 6194K, committed 6656K, reserved 1048576K
}
Event: 142.274 GC heap before
{Heap before GC invocations=37 (full 3):
 PSYoungGen      total 23040K, used 22719K [0x00000000eab00000, 0x00000000ec580000, 0x0000000100000000)
  eden space 19968K, 100% used [0x00000000eab00000,0x00000000ebe80000,0x00000000ebe80000)
  from space 3072K, 89% used [0x00000000ec280000,0x00000000ec52fdf8,0x00000000ec580000)
  to   space 3072K, 0% used [0x00000000ebf80000,0x00000000ebf80000,0x00000000ec280000)
 ParOldGen       total 95744K, used 66526K [0x00000000c0000000, 0x00000000c5d80000, 0x00000000eab00000)
  object space 95744K, 69% used [0x00000000c0000000,0x00000000c40f79f8,0x00000000c5d80000)
 Metaspace       used 58513K, committed 59584K, reserved 1114112K
  class space    used 6194K, committed 6656K, reserved 1048576K
}
Event: 142.277 GC heap after
{Heap after GC invocations=37 (full 3):
 PSYoungGen      total 23040K, used 3052K [0x00000000eab00000, 0x00000000ec680000, 0x0000000100000000)
  eden space 19968K, 0% used [0x00000000eab00000,0x00000000eab00000,0x00000000ebe80000)
  from space 3072K, 99% used [0x00000000ebf80000,0x00000000ec27b238,0x00000000ec280000)
  to   space 4096K, 0% used [0x00000000ec280000,0x00000000ec280000,0x00000000ec680000)
 ParOldGen       total 95744K, used 67099K [0x00000000c0000000, 0x00000000c5d80000, 0x00000000eab00000)
  object space 95744K, 70% used [0x00000000c0000000,0x00000000c4186fb0,0x00000000c5d80000)
 Metaspace       used 58513K, committed 59584K, reserved 1114112K
  class space    used 6194K, committed 6656K, reserved 1048576K
}
Event: 142.438 GC heap before
{Heap before GC invocations=38 (full 3):
 PSYoungGen      total 23040K, used 23020K [0x00000000eab00000, 0x00000000ec680000, 0x0000000100000000)
  eden space 19968K, 100% used [0x00000000eab00000,0x00000000ebe80000,0x00000000ebe80000)
  from space 3072K, 99% used [0x00000000ebf80000,0x00000000ec27b238,0x00000000ec280000)
  to   space 4096K, 0% used [0x00000000ec280000,0x00000000ec280000,0x00000000ec680000)
 ParOldGen       total 95744K, used 67099K [0x00000000c0000000, 0x00000000c5d80000, 0x00000000eab00000)
  object space 95744K, 70% used [0x00000000c0000000,0x00000000c4186fb0,0x00000000c5d80000)
 Metaspace       used 59209K, committed 60288K, reserved 1114112K
  class space    used 6260K, committed 6720K, reserved 1048576K
}
Event: 142.445 GC heap after
{Heap after GC invocations=38 (full 3):
 PSYoungGen      total 23552K, used 3325K [0x00000000eab00000, 0x00000000ec600000, 0x0000000100000000)
  eden space 19968K, 0% used [0x00000000eab00000,0x00000000eab00000,0x00000000ebe80000)
  from space 3584K, 92% used [0x00000000ec280000,0x00000000ec5bf4c0,0x00000000ec600000)
  to   space 3584K, 0% used [0x00000000ebf00000,0x00000000ebf00000,0x00000000ec280000)
 ParOldGen       total 95744K, used 69706K [0x00000000c0000000, 0x00000000c5d80000, 0x00000000eab00000)
  object space 95744K, 72% used [0x00000000c0000000,0x00000000c44129e0,0x00000000c5d80000)
 Metaspace       used 59209K, committed 60288K, reserved 1114112K
  class space    used 6260K, committed 6720K, reserved 1048576K
}
Event: 142.720 GC heap before
{Heap before GC invocations=39 (full 3):
 PSYoungGen      total 23552K, used 23293K [0x00000000eab00000, 0x00000000ec600000, 0x0000000100000000)
  eden space 19968K, 100% used [0x00000000eab00000,0x00000000ebe80000,0x00000000ebe80000)
  from space 3584K, 92% used [0x00000000ec280000,0x00000000ec5bf4c0,0x00000000ec600000)
  to   space 3584K, 0% used [0x00000000ebf00000,0x00000000ebf00000,0x00000000ec280000)
 ParOldGen       total 95744K, used 69706K [0x00000000c0000000, 0x00000000c5d80000, 0x00000000eab00000)
  object space 95744K, 72% used [0x00000000c0000000,0x00000000c44129e0,0x00000000c5d80000)
 Metaspace       used 59755K, committed 60864K, reserved 1114112K
  class space    used 6304K, committed 6784K, reserved 1048576K
}
Event: 142.727 GC heap after
{Heap after GC invocations=39 (full 3):
 PSYoungGen      total 23552K, used 3580K [0x00000000eab00000, 0x00000000ece80000, 0x0000000100000000)
  eden space 19968K, 0% used [0x00000000eab00000,0x00000000eab00000,0x00000000ebe80000)
  from space 3584K, 99% used [0x00000000ebf00000,0x00000000ec27f318,0x00000000ec280000)
  to   space 8192K, 0% used [0x00000000ec680000,0x00000000ec680000,0x00000000ece80000)
 ParOldGen       total 95744K, used 73212K [0x00000000c0000000, 0x00000000c5d80000, 0x00000000eab00000)
  object space 95744K, 76% used [0x00000000c0000000,0x00000000c477f328,0x00000000c5d80000)
 Metaspace       used 59755K, committed 60864K, reserved 1114112K
  class space    used 6304K, committed 6784K, reserved 1048576K
}
Event: 145.008 GC heap before
{Heap before GC invocations=40 (full 3):
 PSYoungGen      total 23552K, used 23548K [0x00000000eab00000, 0x00000000ece80000, 0x0000000100000000)
  eden space 19968K, 100% used [0x00000000eab00000,0x00000000ebe80000,0x00000000ebe80000)
  from space 3584K, 99% used [0x00000000ebf00000,0x00000000ec27f318,0x00000000ec280000)
  to   space 8192K, 0% used [0x00000000ec680000,0x00000000ec680000,0x00000000ece80000)
 ParOldGen       total 95744K, used 73212K [0x00000000c0000000, 0x00000000c5d80000, 0x00000000eab00000)
  object space 95744K, 76% used [0x00000000c0000000,0x00000000c477f328,0x00000000c5d80000)
 Metaspace       used 60107K, committed 61184K, reserved 1114112K
  class space    used 6344K, committed 6784K, reserved 1048576K
}
Event: 145.336 GC heap after
{Heap after GC invocations=40 (full 3):
 PSYoungGen      total 24576K, used 4395K [0x00000000eab00000, 0x00000000ecb00000, 0x0000000100000000)
  eden space 19968K, 0% used [0x00000000eab00000,0x00000000eab00000,0x00000000ebe80000)
  from space 4608K, 95% used [0x00000000ec680000,0x00000000ecacacd0,0x00000000ecb00000)
  to   space 5632K, 0% used [0x00000000ec000000,0x00000000ec000000,0x00000000ec580000)
 ParOldGen       total 95744K, used 76618K [0x00000000c0000000, 0x00000000c5d80000, 0x00000000eab00000)
  object space 95744K, 80% used [0x00000000c0000000,0x00000000c4ad2a78,0x00000000c5d80000)
 Metaspace       used 60107K, committed 61184K, reserved 1114112K
  class space    used 6344K, committed 6784K, reserved 1048576K
}
Event: 149.223 GC heap before
{Heap before GC invocations=41 (full 3):
 PSYoungGen      total 24576K, used 24363K [0x00000000eab00000, 0x00000000ecb00000, 0x0000000100000000)
  eden space 19968K, 100% used [0x00000000eab00000,0x00000000ebe80000,0x00000000ebe80000)
  from space 4608K, 95% used [0x00000000ec680000,0x00000000ecacacd0,0x00000000ecb00000)
  to   space 5632K, 0% used [0x00000000ec000000,0x00000000ec000000,0x00000000ec580000)
 ParOldGen       total 95744K, used 76618K [0x00000000c0000000, 0x00000000c5d80000, 0x00000000eab00000)
  object space 95744K, 80% used [0x00000000c0000000,0x00000000c4ad2a78,0x00000000c5d80000)
 Metaspace       used 62356K, committed 63424K, reserved 1114112K
  class space    used 6609K, committed 7104K, reserved 1048576K
}
Event: 149.352 GC heap after
{Heap after GC invocations=41 (full 3):
 PSYoungGen      total 22528K, used 2189K [0x00000000eab00000, 0x00000000ec700000, 0x0000000100000000)
  eden space 19968K, 0% used [0x00000000eab00000,0x00000000eab00000,0x00000000ebe80000)
  from space 2560K, 85% used [0x00000000ec000000,0x00000000ec223630,0x00000000ec280000)
  to   space 3584K, 0% used [0x00000000ec380000,0x00000000ec380000,0x00000000ec700000)
 ParOldGen       total 95744K, used 80722K [0x00000000c0000000, 0x00000000c5d80000, 0x00000000eab00000)
  object space 95744K, 84% used [0x00000000c0000000,0x00000000c4ed4890,0x00000000c5d80000)
 Metaspace       used 62356K, committed 63424K, reserved 1114112K
  class space    used 6609K, committed 7104K, reserved 1048576K
}
Event: 151.471 GC heap before
{Heap before GC invocations=42 (full 3):
 PSYoungGen      total 22528K, used 22157K [0x00000000eab00000, 0x00000000ec700000, 0x0000000100000000)
  eden space 19968K, 100% used [0x00000000eab00000,0x00000000ebe80000,0x00000000ebe80000)
  from space 2560K, 85% used [0x00000000ec000000,0x00000000ec223630,0x00000000ec280000)
  to   space 3584K, 0% used [0x00000000ec380000,0x00000000ec380000,0x00000000ec700000)
 ParOldGen       total 95744K, used 80722K [0x00000000c0000000, 0x00000000c5d80000, 0x00000000eab00000)
  object space 95744K, 84% used [0x00000000c0000000,0x00000000c4ed4890,0x00000000c5d80000)
 Metaspace       used 64288K, committed 65408K, reserved 1114112K
  class space    used 6830K, committed 7296K, reserved 1048576K
}
Event: 151.508 GC heap after
{Heap after GC invocations=42 (full 3):
 PSYoungGen      total 23040K, used 2688K [0x00000000eab00000, 0x00000000ec680000, 0x0000000100000000)
  eden space 19968K, 0% used [0x00000000eab00000,0x00000000eab00000,0x00000000ebe80000)
  from space 3072K, 87% used [0x00000000ec380000,0x00000000ec620020,0x00000000ec680000)
  to   space 3072K, 0% used [0x00000000ec080000,0x00000000ec080000,0x00000000ec380000)
 ParOldGen       total 95744K, used 82720K [0x00000000c0000000, 0x00000000c5d80000, 0x00000000eab00000)
  object space 95744K, 86% used [0x00000000c0000000,0x00000000c50c8090,0x00000000c5d80000)
 Metaspace       used 64288K, committed 65408K, reserved 1114112K
  class space    used 6830K, committed 7296K, reserved 1048576K
}

Dll operation events (11 events):
Event: 0.054 Loaded shared library c:\Users\mohit\.vscode\extensions\redhat.java-1.38.0-win32-x64\jre\17.0.13-win32-x86_64\bin\java.dll
Event: 1.257 Loaded shared library c:\Users\mohit\.vscode\extensions\redhat.java-1.38.0-win32-x64\jre\17.0.13-win32-x86_64\bin\zip.dll
Event: 1.263 Loaded shared library C:\Users\mohit\.vscode\extensions\redhat.java-1.38.0-win32-x64\jre\17.0.13-win32-x86_64\bin\instrument.dll
Event: 1.308 Loaded shared library C:\Users\mohit\.vscode\extensions\redhat.java-1.38.0-win32-x64\jre\17.0.13-win32-x86_64\bin\net.dll
Event: 1.335 Loaded shared library C:\Users\mohit\.vscode\extensions\redhat.java-1.38.0-win32-x64\jre\17.0.13-win32-x86_64\bin\nio.dll
Event: 1.350 Loaded shared library C:\Users\mohit\.vscode\extensions\redhat.java-1.38.0-win32-x64\jre\17.0.13-win32-x86_64\bin\zip.dll
Event: 1.391 Loaded shared library C:\Users\mohit\.vscode\extensions\redhat.java-1.38.0-win32-x64\jre\17.0.13-win32-x86_64\bin\jimage.dll
Event: 1.634 Loaded shared library c:\Users\mohit\.vscode\extensions\redhat.java-1.38.0-win32-x64\jre\17.0.13-win32-x86_64\bin\verify.dll
Event: 39.797 Loaded shared library C:\Users\mohit\AppData\Roaming\Code\User\globalStorage\redhat.java\1.38.0\config_win\org.eclipse.equinox.launcher\org.eclipse.equinox.launcher.win32.win32.x86_64_1.2.1100.v20240722-2106\eclipse_11904.dll
Event: 123.366 Loaded shared library C:\Users\mohit\AppData\Local\Temp\jna-104073905\jna2041288579552677621.dll
Event: 146.120 Loaded shared library C:\Users\mohit\.vscode\extensions\redhat.java-1.38.0-win32-x64\jre\17.0.13-win32-x86_64\bin\sunmscapi.dll

Deoptimization events (20 events):
Event: 150.761 Thread 0x000002237bcdac20 DEOPT PACKING pc=0x0000022368091db8 sp=0x000000b230cfecd0
Event: 150.761 Thread 0x000002237bcdac20 DEOPT UNPACKING pc=0x00000223678066a3 sp=0x000000b230cfec68 mode 2
Event: 150.799 Thread 0x000002237bcdac20 Uncommon trap: trap_request=0xffffffc6 fr.pc=0x00000223680a7620 relative=0x0000000000000340
Event: 150.799 Thread 0x000002237bcdac20 Uncommon trap: reason=bimorphic_or_optimized_type_check action=maybe_recompile pc=0x00000223680a7620 method=lombok.eclipse.EclipseNode.traverse(Llombok/eclipse/EclipseASTVisitor;)V @ 542 c2
Event: 150.799 Thread 0x000002237bcdac20 DEOPT PACKING pc=0x00000223680a7620 sp=0x000000b230cfe2e0
Event: 150.799 Thread 0x000002237bcdac20 DEOPT UNPACKING pc=0x00000223678066a3 sp=0x000000b230cfe280 mode 2
Event: 150.799 Thread 0x000002237bcdac20 Uncommon trap: trap_request=0xffffffc6 fr.pc=0x00000223680a7620 relative=0x0000000000000340
Event: 150.799 Thread 0x000002237bcdac20 Uncommon trap: reason=bimorphic_or_optimized_type_check action=maybe_recompile pc=0x00000223680a7620 method=lombok.eclipse.EclipseNode.traverse(Llombok/eclipse/EclipseASTVisitor;)V @ 542 c2
Event: 150.799 Thread 0x000002237bcdac20 DEOPT PACKING pc=0x00000223680a7620 sp=0x000000b230cfe2e0
Event: 150.799 Thread 0x000002237bcdac20 DEOPT UNPACKING pc=0x00000223678066a3 sp=0x000000b230cfe280 mode 2
Event: 151.200 Thread 0x000002237bcdac20 Uncommon trap: trap_request=0xffffffc6 fr.pc=0x0000022367f03cc8 relative=0x0000000000000e48
Event: 151.200 Thread 0x000002237bcdac20 Uncommon trap: reason=bimorphic_or_optimized_type_check action=maybe_recompile pc=0x0000022367f03cc8 method=java.util.HashMap.putVal(ILjava/lang/Object;Ljava/lang/Object;ZZ)Ljava/lang/Object; @ 203 c2
Event: 151.200 Thread 0x000002237bcdac20 DEOPT PACKING pc=0x0000022367f03cc8 sp=0x000000b230cfe6f0
Event: 151.200 Thread 0x000002237bcdac20 DEOPT UNPACKING pc=0x00000223678066a3 sp=0x000000b230cfe588 mode 2
Event: 151.201 Thread 0x000002237bcdac20 Uncommon trap: trap_request=0xffffffc6 fr.pc=0x0000022367f03cc8 relative=0x0000000000000e48
Event: 151.201 Thread 0x000002237bcdac20 Uncommon trap: reason=bimorphic_or_optimized_type_check action=maybe_recompile pc=0x0000022367f03cc8 method=java.util.HashMap.putVal(ILjava/lang/Object;Ljava/lang/Object;ZZ)Ljava/lang/Object; @ 203 c2
Event: 151.201 Thread 0x000002237bcdac20 DEOPT PACKING pc=0x0000022367f03cc8 sp=0x000000b230cfe6f0
Event: 151.201 Thread 0x000002237bcdac20 DEOPT UNPACKING pc=0x00000223678066a3 sp=0x000000b230cfe588 mode 2
Event: 151.462 Thread 0x000002237bcdac20 DEOPT PACKING pc=0x000002236110f2b7 sp=0x000000b230cfe080
Event: 151.462 Thread 0x000002237bcdac20 DEOPT UNPACKING pc=0x0000022367806e43 sp=0x000000b230cfd508 mode 0

Classes loaded (20 events):
Event: 151.428 Loading class sun/security/util/math/IntegerFieldModuloP
Event: 151.429 Loading class sun/security/util/math/IntegerFieldModuloP done
Event: 151.440 Loading class sun/security/util/math/intpoly/IntegerPolynomial25519
Event: 151.443 Loading class sun/security/util/math/intpoly/IntegerPolynomial
Event: 151.447 Loading class sun/security/util/math/intpoly/IntegerPolynomial done
Event: 151.447 Loading class sun/security/util/math/intpoly/IntegerPolynomial25519 done
Event: 151.460 Loading class sun/security/util/math/intpoly/Curve25519OrderField
Event: 151.462 Loading class sun/security/util/math/intpoly/Curve25519OrderField done
Event: 151.463 Loading class sun/security/util/math/intpoly/IntegerPolynomial$ImmutableElement
Event: 151.464 Loading class sun/security/util/math/ImmutableIntegerModuloP
Event: 151.465 Loading class sun/security/util/math/IntegerModuloP
Event: 151.466 Loading class sun/security/util/math/IntegerModuloP done
Event: 151.466 Loading class sun/security/util/math/ImmutableIntegerModuloP done
Event: 151.466 Loading class sun/security/util/math/intpoly/IntegerPolynomial$Element
Event: 151.466 Loading class sun/security/util/math/intpoly/IntegerPolynomial$Element done
Event: 151.466 Loading class sun/security/util/math/intpoly/IntegerPolynomial$ImmutableElement done
Event: 151.509 Loading class sun/security/util/math/intpoly/IntegerPolynomial$Limb
Event: 151.509 Loading class sun/security/util/math/SmallValue
Event: 151.509 Loading class sun/security/util/math/SmallValue done
Event: 152.508 Loading class sun/security/util/math/intpoly/IntegerPolynomial$Limb done

Classes unloaded (14 events):
Event: 127.315 Thread 0x0000022376f00c20 Unloading class 0x0000000100388c00 'java/lang/invoke/LambdaForm$MH+0x0000000100388c00'
Event: 127.316 Thread 0x0000022376f00c20 Unloading class 0x0000000100388400 'java/lang/invoke/LambdaForm$MH+0x0000000100388400'
Event: 127.316 Thread 0x0000022376f00c20 Unloading class 0x0000000100387c00 'java/lang/invoke/LambdaForm$MH+0x0000000100387c00'
Event: 127.316 Thread 0x0000022376f00c20 Unloading class 0x0000000100387000 'java/lang/invoke/LambdaForm$MH+0x0000000100387000'
Event: 127.316 Thread 0x0000022376f00c20 Unloading class 0x0000000100386c00 'java/lang/invoke/LambdaForm$DMH+0x0000000100386c00'
Event: 127.316 Thread 0x0000022376f00c20 Unloading class 0x0000000100386000 'java/lang/invoke/LambdaForm$MH+0x0000000100386000'
Event: 127.316 Thread 0x0000022376f00c20 Unloading class 0x0000000100385800 'java/lang/invoke/LambdaForm$MH+0x0000000100385800'
Event: 127.316 Thread 0x0000022376f00c20 Unloading class 0x0000000100252000 'java/lang/invoke/LambdaForm$MH+0x0000000100252000'
Event: 127.316 Thread 0x0000022376f00c20 Unloading class 0x0000000100251c00 'java/lang/invoke/LambdaForm$MH+0x0000000100251c00'
Event: 127.316 Thread 0x0000022376f00c20 Unloading class 0x0000000100251800 'java/lang/invoke/LambdaForm$MH+0x0000000100251800'
Event: 127.316 Thread 0x0000022376f00c20 Unloading class 0x0000000100251400 'java/lang/invoke/LambdaForm$MH+0x0000000100251400'
Event: 127.316 Thread 0x0000022376f00c20 Unloading class 0x0000000100251000 'java/lang/invoke/LambdaForm$BMH+0x0000000100251000'
Event: 127.316 Thread 0x0000022376f00c20 Unloading class 0x0000000100250c00 'java/lang/invoke/LambdaForm$DMH+0x0000000100250c00'
Event: 127.316 Thread 0x0000022376f00c20 Unloading class 0x000000010024c400 'java/lang/invoke/LambdaForm$DMH+0x000000010024c400'

Classes redefined (0 events):
No events

Internal exceptions (20 events):
Event: 134.720 Thread 0x0000022378e280c0 Exception <a 'sun/nio/fs/WindowsException'{0x00000000eb7c0da8}> (0x00000000eb7c0da8) 
thrown [s\src\hotspot\share\prims\jni.cpp, line 516]
Event: 134.878 Thread 0x0000022378e280c0 Exception <a 'sun/nio/fs/WindowsException'{0x00000000eb9483f0}> (0x00000000eb9483f0) 
thrown [s\src\hotspot\share\prims\jni.cpp, line 516]
Event: 142.785 Thread 0x0000022378e280c0 Exception <a 'java/lang/ArrayIndexOutOfBoundsException'{0x00000000eadd2828}: Index 14255 out of bounds for length 14255> (0x00000000eadd2828) 
thrown [s\src\hotspot\share\interpreter\interpreterRuntime.cpp, line 428]
Event: 143.224 Thread 0x0000022378e280c0 Exception <a 'sun/nio/fs/WindowsException'{0x00000000eb3cebe0}> (0x00000000eb3cebe0) 
thrown [s\src\hotspot\share\prims\jni.cpp, line 516]
Event: 143.226 Thread 0x0000022378e280c0 Exception <a 'sun/nio/fs/WindowsException'{0x00000000eb3cf218}> (0x00000000eb3cf218) 
thrown [s\src\hotspot\share\prims\jni.cpp, line 516]
Event: 143.569 Thread 0x00000223770cc0a0 Exception <a 'java/lang/NoSuchMethodError'{0x00000000eb57d528}: 'int java.lang.invoke.DirectMethodHandle$Holder.invokeStatic(java.lang.Object)'> (0x00000000eb57d528) 
thrown [s\src\hotspot\share\interpreter\linkResolver.cpp, line 759]
Event: 143.707 Thread 0x00000223770cc0a0 Exception <a 'sun/nio/fs/WindowsException'{0x00000000ebac8550}> (0x00000000ebac8550) 
thrown [s\src\hotspot\share\prims\jni.cpp, line 516]
Event: 143.823 Thread 0x00000223770cc0a0 Exception <a 'sun/nio/fs/WindowsException'{0x00000000ebaebc20}> (0x00000000ebaebc20) 
thrown [s\src\hotspot\share\prims\jni.cpp, line 516]
Event: 144.136 Thread 0x00000223770cc0a0 Exception <a 'sun/nio/fs/WindowsException'{0x00000000ebba1e88}> (0x00000000ebba1e88) 
thrown [s\src\hotspot\share\prims\jni.cpp, line 516]
Event: 144.251 Thread 0x00000223770cc0a0 Exception <a 'sun/nio/fs/WindowsException'{0x00000000ebbb5440}> (0x00000000ebbb5440) 
thrown [s\src\hotspot\share\prims\jni.cpp, line 516]
Event: 144.309 Thread 0x00000223770cc0a0 Exception <a 'sun/nio/fs/WindowsException'{0x00000000ebbc8eb0}> (0x00000000ebbc8eb0) 
thrown [s\src\hotspot\share\prims\jni.cpp, line 516]
Event: 145.364 Thread 0x00000223770cc0a0 Exception <a 'java/lang/ArrayIndexOutOfBoundsException'{0x00000000eab86768}: Index 14255 out of bounds for length 14255> (0x00000000eab86768) 
thrown [s\src\hotspot\share\interpreter\interpreterRuntime.cpp, line 428]
Event: 146.012 Thread 0x00000223770cc0a0 Exception <a 'java/lang/NoSuchMethodError'{0x00000000eae23478}: 'int java.lang.invoke.DirectMethodHandle$Holder.invokeSpecialIFC(java.lang.Object, java.lang.Object, java.lang.Object)'> (0x00000000eae23478) 
thrown [s\src\hotspot\share\interpreter\linkResolver.cpp, line 759]
Event: 146.082 Thread 0x00000223770cc0a0 Implicit null exception at 0x0000022367e5f2af to 0x0000022367e5f3f4
Event: 146.240 Thread 0x0000022378e26260 Exception <a 'java/io/FileNotFoundException'{0x00000000eaff8a48}> (0x00000000eaff8a48) 
thrown [s\src\hotspot\share\prims\jni.cpp, line 516]
Event: 146.688 Thread 0x00000223770cd9f0 Exception <a 'sun/nio/fs/WindowsException'{0x00000000eb3183b8}> (0x00000000eb3183b8) 
thrown [s\src\hotspot\share\prims\jni.cpp, line 516]
Event: 147.375 Thread 0x000002237bcdac20 Exception <a 'java/lang/NoSuchMethodError'{0x00000000eb90da10}: 'int java.lang.invoke.DirectMethodHandle$Holder.invokeStatic(java.lang.Object, int, java.lang.Object)'> (0x00000000eb90da10) 
thrown [s\src\hotspot\share\interpreter\linkResolver.cpp, line 759]
Event: 147.675 Thread 0x00000223770cc0a0 Exception <a 'java/lang/NoSuchMethodError'{0x00000000ebbc5750}: 'int java.lang.invoke.DirectMethodHandle$Holder.invokeSpecialIFC(java.lang.Object, java.lang.Object, java.lang.Object, java.lang.Object)'> (0x00000000ebbc5750) 
thrown [s\src\hotspot\share\interpreter\linkResolver.cpp, line 759]
Event: 147.829 Thread 0x00000223770cc0a0 Exception <a 'java/lang/NoSuchMethodError'{0x00000000ebcd53e0}: 'java.lang.Object java.lang.invoke.DirectMethodHandle$Holder.invokeInterface(java.lang.Object, java.lang.Object, java.lang.Object)'> (0x00000000ebcd53e0) 
thrown [s\src\hotspot\share\interpreter\linkResolver.cpp, line 759]
Event: 147.856 Thread 0x00000223770cc0a0 Exception <a 'java/lang/NoSuchMethodError'{0x00000000ebcf4618}: 'java.lang.Object java.lang.invoke.DirectMethodHandle$Holder.newInvokeSpecial(java.lang.Object, java.lang.Object, int, int, java.lang.Object)'> (0x00000000ebcf4618) 
thrown [s\src\hotspot\share\interpreter\linkResolver.cpp, line 759]

VM Operations (20 events):
Event: 147.976 Executing VM operation: HandshakeAllThreads done
Event: 147.976 Executing VM operation: Cleanup
Event: 148.139 Executing VM operation: Cleanup done
Event: 148.179 Executing VM operation: HandshakeAllThreads
Event: 148.316 Executing VM operation: HandshakeAllThreads done
Event: 149.123 Executing VM operation: ParallelGCFailedAllocation
Event: 149.352 Executing VM operation: ParallelGCFailedAllocation done
Event: 150.158 Executing VM operation: HandshakeAllThreads
Event: 150.173 Executing VM operation: HandshakeAllThreads done
Event: 150.300 Executing VM operation: HandshakeAllThreads
Event: 150.314 Executing VM operation: HandshakeAllThreads done
Event: 151.189 Executing VM operation: ICBufferFull
Event: 151.191 Executing VM operation: ICBufferFull done
Event: 151.201 Executing VM operation: HandshakeAllThreads
Event: 151.209 Executing VM operation: HandshakeAllThreads done
Event: 151.439 Executing VM operation: HandshakeAllThreads
Event: 151.442 Executing VM operation: HandshakeAllThreads done
Event: 151.471 Executing VM operation: ParallelGCFailedAllocation
Event: 151.508 Executing VM operation: ParallelGCFailedAllocation done
Event: 152.508 Executing VM operation: Cleanup

Memory protections (0 events):
No events

Nmethod flushes (20 events):
Event: 151.469 Thread 0x0000022376f8cf70 flushing  nmethod 0x0000022360bc8c10
Event: 151.469 Thread 0x0000022376f8cf70 flushing  nmethod 0x0000022360bcb610
Event: 151.469 Thread 0x0000022376f8cf70 flushing  nmethod 0x0000022360bd0610
Event: 151.469 Thread 0x0000022376f8cf70 flushing  nmethod 0x0000022360c16510
Event: 151.469 Thread 0x0000022376f8cf70 flushing  nmethod 0x0000022360c3cc10
Event: 151.470 Thread 0x0000022376f8cf70 flushing osr nmethod 0x0000022360c9b990
Event: 151.470 Thread 0x0000022376f8cf70 flushing  nmethod 0x0000022360cab010
Event: 151.470 Thread 0x0000022376f8cf70 flushing  nmethod 0x0000022360cba910
Event: 151.470 Thread 0x0000022376f8cf70 flushing  nmethod 0x0000022360cced90
Event: 151.470 Thread 0x0000022376f8cf70 flushing  nmethod 0x0000022360ce6210
Event: 151.470 Thread 0x0000022376f8cf70 flushing  nmethod 0x0000022360cec490
Event: 151.470 Thread 0x0000022376f8cf70 flushing  nmethod 0x0000022360cf4010
Event: 151.470 Thread 0x0000022376f8cf70 flushing  nmethod 0x0000022360cf4c10
Event: 151.471 Thread 0x0000022376f8cf70 flushing  nmethod 0x0000022360d0b110
Event: 151.471 Thread 0x0000022376f8cf70 flushing  nmethod 0x0000022360d1b210
Event: 151.471 Thread 0x0000022376f8cf70 flushing  nmethod 0x0000022360d1cf10
Event: 151.508 Thread 0x0000022376f8cf70 flushing  nmethod 0x0000022360d60e90
Event: 151.508 Thread 0x0000022376f8cf70 flushing  nmethod 0x0000022360d67b10
Event: 151.508 Thread 0x0000022376f8cf70 flushing  nmethod 0x0000022360dcb190
Event: 151.508 Thread 0x0000022376f8cf70 flushing  nmethod 0x0000022360dcd310

Events (20 events):
Event: 129.785 Thread 0x000002235d53de10 Thread added: 0x0000022378e24e20
Event: 129.786 Thread 0x000002235d53de10 Thread added: 0x0000022378e25330
Event: 129.786 Thread 0x000002235d53de10 Thread added: 0x0000022378e25840
Event: 130.187 Thread 0x00000223770cb680 Thread added: 0x0000022378e22090
Event: 130.243 Thread 0x000002235d53de10 Thread added: 0x0000022378e25d50
Event: 130.244 Thread 0x00000223770cb680 Thread added: 0x0000022378e225a0
Event: 130.696 Thread 0x00000223770cac60 Thread exited: 0x00000223770cac60
Event: 130.916 Thread 0x000002235d53de10 Thread added: 0x0000022378e285d0
Event: 130.917 Thread 0x000002235d53de10 Thread added: 0x0000022378e26260
Event: 132.126 Thread 0x0000022378e22090 Thread added: 0x0000022378e280c0
Event: 135.255 Thread 0x0000022378e280c0 Thread added: 0x0000022378e27190
Event: 135.256 Thread 0x0000022378e280c0 Thread added: 0x0000022378e28ae0
Event: 135.256 Thread 0x0000022378e280c0 Thread added: 0x0000022378e26770
Event: 135.256 Thread 0x0000022378e280c0 Thread added: 0x0000022378e28ff0
Event: 135.257 Thread 0x0000022378e280c0 Thread added: 0x0000022378e276a0
Event: 135.257 Thread 0x0000022378e280c0 Thread added: 0x0000022378e27bb0
Event: 146.907 Thread 0x00000223770cc0a0 Thread added: 0x000002237bcdac20
Event: 147.871 Thread 0x00000223770cc0a0 Thread added: 0x000002237bcdbb50
Event: 150.708 Thread 0x00000223770cc0a0 Thread added: 0x000002237bcd97e0
Event: 150.718 Thread 0x00000223770cc0a0 Thread added: 0x000002237bcd9cf0


Dynamic libraries:
0x00007ff6cb350000 - 0x00007ff6cb35e000 	c:\Users\mohit\.vscode\extensions\redhat.java-1.38.0-win32-x64\jre\17.0.13-win32-x86_64\bin\java.exe
0x00007ff8857c0000 - 0x00007ff885a23000 	C:\WINDOWS\SYSTEM32\ntdll.dll
0x00007ff883630000 - 0x00007ff8836f8000 	C:\WINDOWS\System32\KERNEL32.DLL
0x00007ff882b90000 - 0x00007ff882f42000 	C:\WINDOWS\System32\KERNELBASE.dll
0x00007ff883220000 - 0x00007ff88336b000 	C:\WINDOWS\System32\ucrtbase.dll
0x00007ff876bc0000 - 0x00007ff876bde000 	c:\Users\mohit\.vscode\extensions\redhat.java-1.38.0-win32-x64\jre\17.0.13-win32-x86_64\bin\VCRUNTIME140.dll
0x00007ff878c10000 - 0x00007ff878c27000 	c:\Users\mohit\.vscode\extensions\redhat.java-1.38.0-win32-x64\jre\17.0.13-win32-x86_64\bin\jli.dll
0x00007ff8843c0000 - 0x00007ff884588000 	C:\WINDOWS\System32\USER32.dll
0x00007ff883530000 - 0x00007ff883557000 	C:\WINDOWS\System32\win32u.dll
0x00007ff885050000 - 0x00007ff88507a000 	C:\WINDOWS\System32\GDI32.dll
0x00007ff865cc0000 - 0x00007ff865f50000 	C:\WINDOWS\WinSxS\amd64_microsoft.windows.common-controls_6595b64144ccf1df_6.0.26100.2454_none_3e0b68a2e331ad60\COMCTL32.dll
0x00007ff883370000 - 0x00007ff88349b000 	C:\WINDOWS\System32\gdi32full.dll
0x00007ff885170000 - 0x00007ff885219000 	C:\WINDOWS\System32\msvcrt.dll
0x00007ff882f50000 - 0x00007ff882ff3000 	C:\WINDOWS\System32\msvcp_win.dll
0x00007ff884820000 - 0x00007ff88484f000 	C:\WINDOWS\System32\IMM32.DLL
0x00007ff87c520000 - 0x00007ff87c52c000 	c:\Users\mohit\.vscode\extensions\redhat.java-1.38.0-win32-x64\jre\17.0.13-win32-x86_64\bin\vcruntime140_1.dll
0x00007ff845570000 - 0x00007ff8455fd000 	c:\Users\mohit\.vscode\extensions\redhat.java-1.38.0-win32-x64\jre\17.0.13-win32-x86_64\bin\msvcp140.dll
0x00007ff8303e0000 - 0x00007ff83104b000 	c:\Users\mohit\.vscode\extensions\redhat.java-1.38.0-win32-x64\jre\17.0.13-win32-x86_64\bin\server\jvm.dll
0x00007ff883780000 - 0x00007ff883834000 	C:\WINDOWS\System32\ADVAPI32.dll
0x00007ff8839b0000 - 0x00007ff883a56000 	C:\WINDOWS\System32\sechost.dll
0x00007ff883b10000 - 0x00007ff883c26000 	C:\WINDOWS\System32\RPCRT4.dll
0x00007ff8850f0000 - 0x00007ff885164000 	C:\WINDOWS\System32\WS2_32.dll
0x00007ff882860000 - 0x00007ff8828ae000 	C:\WINDOWS\SYSTEM32\POWRPROF.dll
0x00007ff873f10000 - 0x00007ff873f46000 	C:\WINDOWS\SYSTEM32\WINMM.dll
0x00007ff875dd0000 - 0x00007ff875ddb000 	C:\WINDOWS\SYSTEM32\VERSION.dll
0x00007ff882840000 - 0x00007ff882854000 	C:\WINDOWS\SYSTEM32\UMPDC.dll
0x00007ff8819d0000 - 0x00007ff8819ea000 	C:\WINDOWS\SYSTEM32\kernel.appcore.dll
0x00007ff879ac0000 - 0x00007ff879aca000 	c:\Users\mohit\.vscode\extensions\redhat.java-1.38.0-win32-x64\jre\17.0.13-win32-x86_64\bin\jimage.dll
0x00007ff880620000 - 0x00007ff880861000 	C:\WINDOWS\SYSTEM32\DBGHELP.DLL
0x00007ff8853f0000 - 0x00007ff88576e000 	C:\WINDOWS\System32\combase.dll
0x00007ff884740000 - 0x00007ff884816000 	C:\WINDOWS\System32\OLEAUT32.dll
0x00007ff873de0000 - 0x00007ff873e19000 	C:\WINDOWS\SYSTEM32\dbgcore.DLL
0x00007ff883000000 - 0x00007ff883099000 	C:\WINDOWS\System32\bcryptPrimitives.dll
0x00007ff878c00000 - 0x00007ff878c0e000 	c:\Users\mohit\.vscode\extensions\redhat.java-1.38.0-win32-x64\jre\17.0.13-win32-x86_64\bin\instrument.dll
0x00007ff876b90000 - 0x00007ff876bb5000 	c:\Users\mohit\.vscode\extensions\redhat.java-1.38.0-win32-x64\jre\17.0.13-win32-x86_64\bin\java.dll
0x00007ff85a080000 - 0x00007ff85a098000 	c:\Users\mohit\.vscode\extensions\redhat.java-1.38.0-win32-x64\jre\17.0.13-win32-x86_64\bin\zip.dll
0x00007ff884940000 - 0x00007ff885040000 	C:\WINDOWS\System32\SHELL32.dll
0x00007ff8808a0000 - 0x00007ff8810d1000 	C:\WINDOWS\SYSTEM32\windows.storage.dll
0x00007ff8838d0000 - 0x00007ff8839aa000 	C:\WINDOWS\System32\SHCORE.dll
0x00007ff8848e0000 - 0x00007ff88493d000 	C:\WINDOWS\System32\shlwapi.dll
0x00007ff882aa0000 - 0x00007ff882ace000 	C:\WINDOWS\SYSTEM32\profapi.dll
0x00007ff855e90000 - 0x00007ff855ea9000 	C:\Users\mohit\.vscode\extensions\redhat.java-1.38.0-win32-x64\jre\17.0.13-win32-x86_64\bin\net.dll
0x00007ff87c720000 - 0x00007ff87c846000 	C:\WINDOWS\SYSTEM32\WINHTTP.dll
0x00007ff881ed0000 - 0x00007ff881f38000 	C:\WINDOWS\system32\mswsock.dll
0x00007ff853760000 - 0x00007ff853776000 	C:\Users\mohit\.vscode\extensions\redhat.java-1.38.0-win32-x64\jre\17.0.13-win32-x86_64\bin\nio.dll
0x00007ff876b80000 - 0x00007ff876b90000 	c:\Users\mohit\.vscode\extensions\redhat.java-1.38.0-win32-x64\jre\17.0.13-win32-x86_64\bin\verify.dll
0x00007ff845520000 - 0x00007ff845565000 	C:\Users\mohit\AppData\Roaming\Code\User\globalStorage\redhat.java\1.38.0\config_win\org.eclipse.equinox.launcher\org.eclipse.equinox.launcher.win32.win32.x86_64_1.2.1100.v20240722-2106\eclipse_11904.dll
0x00007ff884590000 - 0x00007ff884729000 	C:\WINDOWS\System32\ole32.dll
0x00007ff882170000 - 0x00007ff88218c000 	C:\WINDOWS\SYSTEM32\CRYPTSP.dll
0x00007ff881930000 - 0x00007ff881968000 	C:\WINDOWS\system32\rsaenh.dll
0x00007ff881f70000 - 0x00007ff881f9b000 	C:\WINDOWS\SYSTEM32\USERENV.dll
0x00007ff8823b0000 - 0x00007ff8823d6000 	C:\WINDOWS\SYSTEM32\bcrypt.dll
0x00007ff882190000 - 0x00007ff88219c000 	C:\WINDOWS\SYSTEM32\CRYPTBASE.dll
0x00007ff881390000 - 0x00007ff8813c2000 	C:\WINDOWS\SYSTEM32\IPHLPAPI.DLL
0x00007ff883c30000 - 0x00007ff883c3a000 	C:\WINDOWS\System32\NSI.dll
0x00007ff87f260000 - 0x00007ff87f27e000 	C:\WINDOWS\SYSTEM32\dhcpcsvc6.DLL
0x00007ff87f200000 - 0x00007ff87f225000 	C:\WINDOWS\SYSTEM32\dhcpcsvc.DLL
0x00007ff8813d0000 - 0x00007ff8814f5000 	C:\WINDOWS\SYSTEM32\DNSAPI.dll
0x00007ff842240000 - 0x00007ff842289000 	C:\Users\mohit\AppData\Local\Temp\jna-104073905\jna2041288579552677621.dll
0x00007ff883620000 - 0x00007ff883628000 	C:\WINDOWS\System32\PSAPI.DLL
0x00007ff875820000 - 0x00007ff87582e000 	C:\Users\mohit\.vscode\extensions\redhat.java-1.38.0-win32-x64\jre\17.0.13-win32-x86_64\bin\sunmscapi.dll
0x00007ff8830a0000 - 0x00007ff883216000 	C:\WINDOWS\System32\CRYPT32.dll
0x00007ff882370000 - 0x00007ff8823a0000 	C:\WINDOWS\SYSTEM32\ncrypt.dll
0x00007ff882320000 - 0x00007ff88235f000 	C:\WINDOWS\SYSTEM32\NTASN1.dll

dbghelp: loaded successfully - version: 4.0.5 - missing functions: none
symbol engine: initialized successfully - sym options: 0x614 - pdb path: .;c:\Users\mohit\.vscode\extensions\redhat.java-1.38.0-win32-x64\jre\17.0.13-win32-x86_64\bin;C:\WINDOWS\SYSTEM32;C:\WINDOWS\WinSxS\amd64_microsoft.windows.common-controls_6595b64144ccf1df_6.0.26100.2454_none_3e0b68a2e331ad60;c:\Users\mohit\.vscode\extensions\redhat.java-1.38.0-win32-x64\jre\17.0.13-win32-x86_64\bin\server;C:\Users\mohit\AppData\Roaming\Code\User\globalStorage\redhat.java\1.38.0\config_win\org.eclipse.equinox.launcher\org.eclipse.equinox.launcher.win32.win32.x86_64_1.2.1100.v20240722-2106;C:\Users\mohit\AppData\Local\Temp\jna-104073905

VM Arguments:
jvm_args: --add-modules=ALL-SYSTEM --add-opens=java.base/java.util=ALL-UNNAMED --add-opens=java.base/java.lang=ALL-UNNAMED --add-opens=java.base/sun.nio.fs=ALL-UNNAMED -Declipse.application=org.eclipse.jdt.ls.core.id1 -Dosgi.bundles.defaultStartLevel=4 -Declipse.product=org.eclipse.jdt.ls.core.product -Djava.import.generatesMetadataFilesAtProjectRoot=false -DDetectVMInstallationsJob.disabled=true -Dfile.encoding=utf8 -XX:+UseParallelGC -XX:GCTimeRatio=4 -XX:AdaptiveSizePolicyWeight=90 -Dsun.zip.disableMemoryMapping=true -Xmx1G -Xms100m -Xlog:disable -javaagent:c:\Users\mohit\.vscode\extensions\redhat.java-1.38.0-win32-x64\lombok\lombok-1.18.34.jar -XX:+HeapDumpOnOutOfMemoryError -XX:HeapDumpPath=c:\Users\mohit\AppData\Roaming\Code\User\workspaceStorage\04e45ffd8641de4deee0b199b5dd3407\redhat.java -Daether.dependencyCollector.impl=bf 
java_command: c:\Users\mohit\.vscode\extensions\redhat.java-1.38.0-win32-x64\server\plugins\org.eclipse.equinox.launcher_1.6.900.v20240613-2009.jar -configuration c:\Users\mohit\AppData\Roaming\Code\User\globalStorage\redhat.java\1.38.0\config_win -data c:\Users\mohit\AppData\Roaming\Code\User\workspaceStorage\04e45ffd8641de4deee0b199b5dd3407\redhat.java\jdt_ws --pipe=\\.\pipe\lsp-6a8aae447d73b76de734b869600b09d4-sock
java_class_path (initial): c:\Users\mohit\.vscode\extensions\redhat.java-1.38.0-win32-x64\server\plugins\org.eclipse.equinox.launcher_1.6.900.v20240613-2009.jar
Launcher Type: SUN_STANDARD

[Global flags]
    uintx AdaptiveSizePolicyWeight                 = 90                                        {product} {command line}
     intx CICompilerCount                          = 4                                         {product} {ergonomic}
    uintx GCTimeRatio                              = 4                                         {product} {command line}
     bool HeapDumpOnOutOfMemoryError               = true                                   {manageable} {command line}
    ccstr HeapDumpPath                             = c:\Users\mohit\AppData\Roaming\Code\User\workspaceStorage\04e45ffd8641de4deee0b199b5dd3407\redhat.java         {manageable} {command line}
   size_t InitialHeapSize                          = 104857600                                 {product} {command line}
   size_t MaxHeapSize                              = 1073741824                                {product} {command line}
   size_t MaxNewSize                               = 357564416                                 {product} {ergonomic}
   size_t MinHeapDeltaBytes                        = 524288                                    {product} {ergonomic}
   size_t MinHeapSize                              = 104857600                                 {product} {command line}
   size_t NewSize                                  = 34603008                                  {product} {ergonomic}
    uintx NonNMethodCodeHeapSize                   = 5839372                                {pd product} {ergonomic}
    uintx NonProfiledCodeHeapSize                  = 122909434                              {pd product} {ergonomic}
   size_t OldSize                                  = 70254592                                  {product} {ergonomic}
    uintx ProfiledCodeHeapSize                     = 122909434                              {pd product} {ergonomic}
    uintx ReservedCodeCacheSize                    = 251658240                              {pd product} {ergonomic}
     bool SegmentedCodeCache                       = true                                      {product} {ergonomic}
   size_t SoftMaxHeapSize                          = 1073741824                             {manageable} {ergonomic}
     bool UseCompressedClassPointers               = true                           {product lp64_product} {ergonomic}
     bool UseCompressedOops                        = true                           {product lp64_product} {ergonomic}
     bool UseLargePagesIndividualAllocation        = false                                  {pd product} {ergonomic}
     bool UseParallelGC                            = true                                      {product} {command line}

Logging:
Log output configuration:
 #0: stdout all=off uptime,level,tags
 #1: stderr all=off uptime,level,tags

Environment Variables:
PATH=C:\Python312\Scripts\;C:\Python312\;C:\Program Files\Common Files\Oracle\Java\javapath;C:\WINDOWS\system32;C:\WINDOWS;C:\WINDOWS\System32\Wbem;C:\WINDOWS\System32\WindowsPowerShell\v1.0\;C:\WINDOWS\System32\OpenSSH\;C:\Program Files\Java\jdk-21\bin;C:\Program Files\nodejs;C:\ProgramData\chocolatey\bin;C:\Program Files\Git\cmd;C:\Program Files\MySQL\MySQL Shell 8.0\bin\;C:\Users\mohit\AppData\Local\Microsoft\WindowsApps;C:\Users\mohit\AppData\Local\Programs\Microsoft VS Code\bin;C:\Users\mohit\AppData\Roaming\npm;C:\Program Files\nodejs;
USERNAME=mohit
OS=Windows_NT
PROCESSOR_IDENTIFIER=AMD64 Family 23 Model 160 Stepping 0, AuthenticAMD
TMP=C:\Users\mohit\AppData\Local\Temp
TEMP=C:\Users\mohit\AppData\Local\Temp



Periodic native trim disabled


---------------  S Y S T E M  ---------------

OS:
 Windows 11 , 64 bit Build 26100 (10.0.26100.2454)
OS uptime: 14 days 5:24 hours
Hyper-V role detected

CPU: total 8 (initial active 8) (8 cores per cpu, 2 threads per core) family 23 model 160 stepping 0 microcode 0x8a00006, cx8, cmov, fxsr, ht, mmx, 3dnowpref, sse, sse2, sse3, ssse3, sse4a, sse4.1, sse4.2, popcnt, lzcnt, tsc, tscinvbit, avx, avx2, aes, clmul, bmi1, bmi2, adx, sha, fma, vzeroupper, clflush, clflushopt, hv
Processor Information for all 8 processors :
  Max Mhz: 2401, Current Mhz: 2401, Mhz Limit: 2401

Memory: 4k page, system-wide physical 5877M (3M free)
TotalPageFile size 24309M (AvailPageFile size 6M)
current process WorkingSet (physical memory assigned to process): 162M, peak: 236M
current process commit charge ("private bytes"): 337M, peak: 354M

vm_info: OpenJDK 64-Bit Server VM (17.0.13+11) for windows-amd64 JRE (17.0.13+11), built on Oct 16 2024 00:10:08 by "admin" with MS VC++ 17.7 (VS2022)

END.
